<?xml version="1.0" encoding="UTF-8"?>
<testng-results skipped="0" failed="0" ignored="0" total="1" passed="1">
  <reporter-output>
  </reporter-output>
  <suite name="Test Suite For NASA SOUNDS REST API" duration-ms="1553" started-at="2017-08-08T06:33:07Z" finished-at="2017-08-08T06:33:08Z">
    <groups>
    </groups>
    <test name="Verify the defaults value of all parameters" duration-ms="1553" started-at="2017-08-08T06:33:07Z" finished-at="2017-08-08T06:33:08Z">
      <class name="com.nasa.sound.test.SoundGetTest">
        <test-method status="PASS" signature="setUp()[pri:0, instance:com.nasa.sound.test.SoundGetTest@100fc185]" name="setUp" is-config="true" duration-ms="334" started-at="2017-08-08T02:33:07Z" finished-at="2017-08-08T02:33:07Z">
          <reporter-output>
          </reporter-output>
        </test-method> <!-- setUp -->
        <test-method status="PASS" signature="setUp()[pri:0, instance:com.nasa.sound.test.SoundGetTest@100fc185]" name="setUp" is-config="true" duration-ms="0" started-at="2017-08-08T02:33:07Z" finished-at="2017-08-08T02:33:07Z">
          <reporter-output>
          </reporter-output>
        </test-method> <!-- setUp -->
        <test-method status="PASS" signature="getStudentFromCSC()[pri:0, instance:com.nasa.sound.test.SoundGetTest@100fc185]" name="getStudentFromCSC" duration-ms="1219" started-at="2017-08-08T02:33:07Z" finished-at="2017-08-08T02:33:08Z">
          <reporter-output>
          </reporter-output>
        </test-method> <!-- getStudentFromCSC -->
      </class> <!-- com.nasa.sound.test.SoundGetTest -->
    </test> <!-- Verify the defaults value of all parameters -->
  </suite> <!-- Test Suite For NASA SOUNDS REST API -->
</testng-results>
